#
# A fatal error has been detected by the Java Runtime Environment:
#
#  SIGSEGV (0xb) at pc=0x00000001020fe07c, pid=36341, tid=1799
#
# JRE version: Java(TM) SE Runtime Environment (7.0_40-b43) (build 1.7.0_40-b43)
# Java VM: Java HotSpot(TM) 64-Bit Server VM (24.0-b56 mixed mode bsd-amd64 compressed oops)
# Problematic frame:
# V  [libjvm.dylib+0x4bb07c]
#
# Failed to write core dump. Core dumps have been disabled. To enable core dumping, try "ulimit -c unlimited" before starting Java again
#
# If you would like to submit a bug report, please visit:
#   http://bugreport.sun.com/bugreport/crash.jsp
#

---------------  T H R E A D  ---------------

Current thread (0x00007f95a4008800):  JavaThread "JavaFX Application Thread" [_thread_in_vm, id=1799, stack(0x00007fff5d8ea000,0x00007fff5e0ea000)]

siginfo:si_signo=SIGSEGV: si_errno=0, si_code=1 (SEGV_MAPERR), si_addr=0x0000000000000008

Registers:
RAX=0x00007f95a242cd08, RBX=0x0000000000000000, RCX=0x0000000000000000, RDX=0x0000000000000000
RSP=0x00007fff5e0e4870, RBP=0x00007fff5e0e4880, RSI=0x0000000000000000, RDI=0x0000000000000000
R8 =0x0000000000000000, R9 =0x0000000000000001, R10=0x000000010245c8f0, R11=0x0000000744b83b68
R12=0x0000000000000002, R13=0x000000073c0c1101, R14=0x00007f95a4008800, R15=0x00000000000003d8
RIP=0x00000001020fe07c, EFLAGS=0x0000000000010246, ERR=0x0000000000000004
  TRAPNO=0x000000000000000e

Top of Stack: (sp=0x00007fff5e0e4870)
0x00007fff5e0e4870:   0000000000000000 00007f95a4008800
0x00007fff5e0e4880:   00007fff5e0e4ab0 0000000101fdface
0x00007fff5e0e4890:   0000000000000000 000000073b1787c0
0x00007fff5e0e48a0:   00007fff5e0e4b08 00007fff5e0e48c0
0x00007fff5e0e48b0:   00000002000000b4 000000010000ca07
0x00007fff5e0e48c0:   0000000000000000 00007fff5e0e48c8
0x00007fff5e0e48d0:   000000073bedcf69 00007fff5e0e4918
0x00007fff5e0e48e0:   000000073bedd658 0000000000000000
0x00007fff5e0e48f0:   000000073bedcf78 0000000000000000
0x00007fff5e0e4900:   00007fff5e0e4918 00007fff5e0e4960
0x00007fff5e0e4910:   00000001028b20d8 00000007c120cf50
0x00007fff5e0e4920:   00007fff5e0e4920 000000073b92deba
0x00007fff5e0e4930:   00007fff5e0e4978 000000073b9302e8
0x00007fff5e0e4940:   0000000000000000 000000073b92dee8
0x00007fff5e0e4950:   0000000000000000 00007fff5e0e4978
0x00007fff5e0e4960:   00007fff5e0e49d0 00000001028b20d8
0x00007fff5e0e4970:   0000000000000000 00007f95a3110ed0
0x00007fff5e0e4980:   00007f95a242c920 00007f95a242c930
0x00007fff5e0e4990:   00007f95a242cd08 00000000000003d8
0x00007fff5e0e49a0:   00007fff5e0e4a18 000000073b413478
0x00007fff5e0e49b0:   0000000000000000 000000073b4115e0
0x00007fff5e0e49c0:   0000000000000000 00007fff5e0e4a08
0x00007fff5e0e49d0:   00007fff5e0e4a70 00000001028b2786
0x00007fff5e0e49e0:   00007fff5e0e4a00 00000001020420c2
0x00007fff5e0e49f0:   0000000000000000 00007fff5e0e4a88
0x00007fff5e0e4a00:   00007fff5e0e4a20 000000010203dbf8
0x00007fff5e0e4a10:   00007fff5e0e4a88 00007fff5e0e4a88
0x00007fff5e0e4a20:   00007fff5e0e4a40 0000000101e3676c
0x00007fff5e0e4a30:   00007f95a4008800 000000073c0c1165
0x00007fff5e0e4a40:   00007fff5e0e4ad0 0000000101f162d6
0x00007fff5e0e4a50:   0000000000000000 00007fff5e0e4ba8
0x00007fff5e0e4a60:   00000001028d247f 00000001028b1310 

Instructions: (pc=0x00000001020fe07c)
0x00000001020fe05c:   fa ff 48 89 c2 4c 89 f7 48 89 d6 89 da 5b 41 5e
0x00000001020fe06c:   5d e9 c6 fe ff ff 55 48 89 e5 41 56 53 48 89 fb
0x00000001020fe07c:   44 0f b7 73 08 41 ff c6 44 89 f7 31 f6 e8 ec d1
0x00000001020fe08c:   fa ff 48 89 df 48 89 c6 44 89 f2 5b 41 5e 5d e9 

Register to memory mapping:

RAX=0x00007f95a242cd08 is an unknown value
RBX=0x0000000000000000 is an unknown value
RCX=0x0000000000000000 is an unknown value
RDX=0x0000000000000000 is an unknown value
RSP=0x00007fff5e0e4870 is pointing into the stack for thread: 0x00007f95a4008800
RBP=0x00007fff5e0e4880 is pointing into the stack for thread: 0x00007f95a4008800
RSI=0x0000000000000000 is an unknown value
RDI=0x0000000000000000 is an unknown value
R8 =0x0000000000000000 is an unknown value
R9 =0x0000000000000001 is an unknown value
R10=0x000000010245c8f0: _ZN19TemplateInterpreter13_active_tableE+0x3800 in /Library/Java/JavaVirtualMachines/jdk1.7.0_40.jdk/Contents/Home/jre/lib/server/libjvm.dylib at 0x0000000101c43000
R11=0x0000000744b83b68 is an oop
java.lang.Thread 
 - klass: 'java/lang/Thread'
R12=0x0000000000000002 is an unknown value
R13=0x000000073c0c1101 is pointing into object: 0x000000073c0c0d20
{constMethod} 
 - klass: {other class}
 - constants:       0x000000073c0c12f8 constant pool [596] for 'tgfx/ResponseParser' cache=0x000000073c0c2840
 - stackmap data:       [B
bci_from(0x73c0c1101) = 929; print_codes():
R14=0x00007f95a4008800 is a thread
R15=0x00000000000003d8 is an unknown value


Stack: [0x00007fff5d8ea000,0x00007fff5e0ea000],  sp=0x00007fff5e0e4870,  free space=8170k
Native frames: (J=compiled Java code, j=interpreted, Vv=VM code, C=native code)
V  [libjvm.dylib+0x4bb07c]
V  [libjvm.dylib+0x39cace]
V  [libjvm.dylib+0x39d141]
V  [libjvm.dylib+0x2d1fdf]
j  tgfx.ResponseParser._applySettings(Lorg/json/JSONObject;Ljava/lang/String;)V+1029
j  tgfx.ResponseParser.applySetting(Lorg/json/JSONObject;)V+417
j  tgfx.ResponseParser$2.run()V+53
j  com.sun.javafx.application.PlatformImpl$4$1.run()Ljava/lang/Void;+7
j  com.sun.javafx.application.PlatformImpl$4$1.run()Ljava/lang/Object;+1
v  ~StubRoutines::call_stub
V  [libjvm.dylib+0x2d6740]
V  [libjvm.dylib+0x2d6510]
V  [libjvm.dylib+0x329c5c]
j  java.security.AccessController.doPrivileged(Ljava/security/PrivilegedAction;Ljava/security/AccessControlContext;)Ljava/lang/Object;+0
j  com.sun.javafx.application.PlatformImpl$4.run()V+12
j  com.sun.glass.ui.InvokeLaterDispatcher$Future.run()V+4
v  ~StubRoutines::call_stub
V  [libjvm.dylib+0x2d6740]
V  [libjvm.dylib+0x2d6510]
V  [libjvm.dylib+0x309e1d]
V  [libjvm.dylib+0x2fd98e]
C  [libglass.dylib+0x27b9]  -[GlassRunnable run]+0x79
C  [Foundation+0x935ca]  __NSThreadPerformPerform+0xe1
C  [CoreFoundation+0x12b31]  __CFRUNLOOP_IS_CALLING_OUT_TO_A_SOURCE0_PERFORM_FUNCTION__+0x11
C  [CoreFoundation+0x12455]  __CFRunLoopDoSources0+0xf5
C  [CoreFoundation+0x357f5]  __CFRunLoopRun+0x315
C  [CoreFoundation+0x350e2]  CFRunLoopRunSpecific+0x122
C  [HIToolbox+0x5feb4]  RunCurrentEventLoopInMode+0xd1
C  [HIToolbox+0x5fc52]  ReceiveNextEventCommon+0x164
C  [HIToolbox+0x5fae3]  BlockUntilNextEventMatchingListInMode+0x3e
C  [AppKit+0x155533]  _DPSNextEvent+0x2ad
C  [AppKit+0x154df2]  -[NSApplication nextEventMatchingMask:untilDate:inMode:dequeue:]+0x80
C  [AppKit+0x14c1a3]  -[NSApplication run]+0x205
C  [libglass.dylib+0x30a9]  -[GlassApplication runLoop:]+0x309
C  [Foundation+0x935ca]  __NSThreadPerformPerform+0xe1
C  [CoreFoundation+0x12b31]  __CFRUNLOOP_IS_CALLING_OUT_TO_A_SOURCE0_PERFORM_FUNCTION__+0x11
C  [CoreFoundation+0x12455]  __CFRunLoopDoSources0+0xf5
C  [CoreFoundation+0x357f5]  __CFRunLoopRun+0x315
C  [CoreFoundation+0x350e2]  CFRunLoopRunSpecific+0x122
C  [java+0x73b0]  CreateExecutionEnvironment+0x367
C  [java+0x1b5c]  JLI_Launch+0x7a0
C  [java+0x770d]  main+0x65
C  [java+0x13b4]  start+0x34

Java frames: (J=compiled Java code, j=interpreted, Vv=VM code)
j  tgfx.ResponseParser._applySettings(Lorg/json/JSONObject;Ljava/lang/String;)V+1029
j  tgfx.ResponseParser.applySetting(Lorg/json/JSONObject;)V+417
j  tgfx.ResponseParser$2.run()V+53
j  com.sun.javafx.application.PlatformImpl$4$1.run()Ljava/lang/Void;+7
j  com.sun.javafx.application.PlatformImpl$4$1.run()Ljava/lang/Object;+1
v  ~StubRoutines::call_stub
j  java.security.AccessController.doPrivileged(Ljava/security/PrivilegedAction;Ljava/security/AccessControlContext;)Ljava/lang/Object;+0
j  com.sun.javafx.application.PlatformImpl$4.run()V+12
j  com.sun.glass.ui.InvokeLaterDispatcher$Future.run()V+4
v  ~StubRoutines::call_stub

---------------  P R O C E S S  ---------------

Java Threads: ( => current thread )
  0x00007f95a4a7d000 JavaThread "Thread-9" [_thread_in_native, id=60163, stack(0x00000001187c2000,0x00000001188c2000)]
  0x00007f95a286f000 JavaThread "FX Access Thread (Visual Debugger)" daemon [_thread_blocked, id=57859, stack(0x000000011596c000,0x0000000115a6c000)]
  0x00007f95a4887800 JavaThread "ResponseParser" daemon [_thread_blocked, id=49155, stack(0x000000011471c000,0x000000011481c000)]
  0x00007f95a49ae800 JavaThread "SerialWriter" daemon [_thread_blocked, id=48643, stack(0x000000011440a000,0x000000011450a000)]
  0x00007f95a4074000 JavaThread "Prism Font Disposer" daemon [_thread_blocked, id=36623, stack(0x0000000114307000,0x0000000114407000)]
  0x00007f95a4831800 JavaThread "Thread-5" daemon [_thread_in_native, id=37891, stack(0x0000000111a6c000,0x0000000111aec000)]
=>0x00007f95a4008800 JavaThread "JavaFX Application Thread" [_thread_in_vm, id=1799, stack(0x00007fff5d8ea000,0x00007fff5e0ea000)]
  0x00007f95a393d000 JavaThread "Thread-3" daemon [_thread_blocked, id=32003, stack(0x00000001102b3000,0x00000001103b3000)]
  0x00007f95a3937000 JavaThread "Disposer" daemon [_thread_blocked, id=31491, stack(0x0000000110151000,0x0000000110251000)]
  0x00007f95a289e800 JavaThread "QuantumRenderer-0" daemon [_thread_blocked, id=27139, stack(0x000000010f488000,0x000000010f588000)]
  0x00007f95a4829000 JavaThread "JavaFX-Launcher" [_thread_blocked, id=26627, stack(0x000000010f385000,0x000000010f485000)]
  0x00007f95a2884000 JavaThread "traceMsgQueueThread" daemon [_thread_blocked, id=25859, stack(0x000000010f24c000,0x000000010f34c000)]
  0x00007f95a2820800 JavaThread "Service Thread" daemon [_thread_blocked, id=24835, stack(0x000000010efb2000,0x000000010f0b2000)]
  0x00007f95a281f000 JavaThread "C2 CompilerThread1" daemon [_thread_blocked, id=24323, stack(0x000000010eeaf000,0x000000010efaf000)]
  0x00007f95a481e000 JavaThread "C2 CompilerThread0" daemon [_thread_blocked, id=23811, stack(0x000000010edac000,0x000000010eeac000)]
  0x00007f95a281d000 JavaThread "JDWP Command Reader" daemon [_thread_in_native, id=23299, stack(0x000000010eca9000,0x000000010eda9000)]
  0x00007f95a481e800 JavaThread "JDWP Event Helper Thread" daemon [_thread_blocked, id=22787, stack(0x000000010eba6000,0x000000010eca6000)]
  0x00007f95a387a800 JavaThread "JDWP Transport Listener: dt_socket" daemon [_thread_blocked, id=22275, stack(0x000000010eaa3000,0x000000010eba3000)]
  0x00007f95a4807000 JavaThread "Signal Dispatcher" daemon [_thread_blocked, id=21763, stack(0x000000010e99a000,0x000000010ea9a000)]
  0x00007f95a3877000 JavaThread "Finalizer" daemon [_thread_blocked, id=16899, stack(0x000000010e643000,0x000000010e743000)]
  0x00007f95a3874800 JavaThread "Reference Handler" daemon [_thread_blocked, id=16387, stack(0x000000010e540000,0x000000010e640000)]
  0x00007f95a3803000 JavaThread "main" [_thread_blocked, id=6403, stack(0x0000000102696000,0x0000000102796000)]

Other Threads:
  0x00007f95a3874000 VMThread [stack: 0x000000010e43d000,0x000000010e53d000] [id=15875]
  0x00007f95a2820000 WatcherThread [stack: 0x000000010f0b5000,0x000000010f1b5000] [id=25347]

VM state:not at safepoint (normal execution)

VM Mutex/Monitor currently owned by a thread: None

Heap
 PSYoungGen      total 56320K, used 18894K [0x00000007c0000000, 0x00000007c9c00000, 0x0000000800000000)
  eden space 48128K, 39% used [0x00000007c0000000,0x00000007c1273bc8,0x00000007c2f00000)
  from space 8192K, 0% used [0x00000007c3000000,0x00000007c3000000,0x00000007c3800000)
  to   space 55808K, 0% used [0x00000007c6580000,0x00000007c6580000,0x00000007c9c00000)
 ParOldGen       total 172544K, used 78209K [0x0000000740000000, 0x000000074a880000, 0x00000007c0000000)
  object space 172544K, 45% used [0x0000000740000000,0x0000000744c60658,0x000000074a880000)
 PSPermGen       total 37888K, used 19218K [0x000000073ae00000, 0x000000073d300000, 0x0000000740000000)
  object space 37888K, 50% used [0x000000073ae00000,0x000000073c0c4b20,0x000000073d300000)

Card table byte_map: [0x000000010596c000,0x0000000105f96000] byte_map_base: 0x0000000101f95000

Polling page: 0x00000001027d5000

Code Cache  [0x00000001028ac000, 0x0000000102bdc000, 0x00000001058ac000)
 total_blobs=1374 nmethods=828 adapters=507 free_code_cache=46036Kb largest_free_block=47054592

Compilation events (10 events):
Event: 7669.466 Thread 0x00007f95a481e000  888             com.sun.javafx.tk.quantum.QuantumToolkit::convertShapeToFXPath (319 bytes)
Event: 7669.505 Thread 0x00007f95a481e000 nmethod 888 0x0000000102b92fd0 code [0x0000000102b93340, 0x0000000102b94ee8]
Event: 7669.669 Thread 0x00007f95a281f000  889             sun.misc.FloatingDecimal::developLongDigits (380 bytes)
Event: 7669.684 Thread 0x00007f95a281f000 nmethod 889 0x0000000102aea290 code [0x0000000102aea460, 0x0000000102aeafb8]
Event: 7674.581 Thread 0x00007f95a481e000  890             com.sun.javafx.sg.prism.NGGroup::markCullRegions (198 bytes)
Event: 7674.589 Thread 0x00007f95a481e000 nmethod 890 0x0000000102b395d0 code [0x0000000102b397a0, 0x0000000102b39fc8]
Event: 7674.724 Thread 0x00007f95a281f000  891             com.sun.prism.BasicStroke::getType (5 bytes)
Event: 7674.724 Thread 0x00007f95a281f000 nmethod 891 0x0000000102aea090 code [0x0000000102aea1c0, 0x0000000102aea218]
Event: 7677.148 Thread 0x00007f95a481e000  892   !         javafx.scene.Parent$1::onProposedChange (696 bytes)
Event: 7677.255 Thread 0x00007f95a481e000 nmethod 892 0x0000000102bc0850 code [0x0000000102bc0fc0, 0x0000000102bc51f8]

GC Heap History (10 events):
Event: 3.620 GC heap before
{Heap before GC invocations=2 (full 0):
 PSYoungGen      total 57344K, used 54207K [0x00000007c0000000, 0x00000007c4000000, 0x0000000800000000)
  eden space 49152K, 99% used [0x00000007c0000000,0x00000007c2fd1760,0x00000007c3000000)
  from space 8192K, 63% used [0x00000007c3000000,0x00000007c351e618,0x00000007c3800000)
  to   space 8192K, 0% used [0x00000007c3800000,0x00000007c3800000,0x00000007c4000000)
 ParOldGen       total 131072K, used 72K [0x0000000740000000, 0x0000000748000000, 0x00000007c0000000)
  object space 131072K, 0% used [0x0000000740000000,0x0000000740012010,0x0000000748000000)
 PSPermGen       total 21504K, used 15304K [0x000000073ae00000, 0x000000073c300000, 0x0000000740000000)
  object space 21504K, 71% used [0x000000073ae00000,0x000000073bcf2148,0x000000073c300000)
Event: 3.631 GC heap after
Heap after GC invocations=2 (full 0):
 PSYoungGen      total 57344K, used 5999K [0x00000007c0000000, 0x00000007c4000000, 0x0000000800000000)
  eden space 49152K, 0% used [0x00000007c0000000,0x00000007c0000000,0x00000007c3000000)
  from space 8192K, 73% used [0x00000007c3800000,0x00000007c3ddbd90,0x00000007c4000000)
  to   space 8192K, 0% used [0x00000007c3000000,0x00000007c3000000,0x00000007c3800000)
 ParOldGen       total 131072K, used 6970K [0x0000000740000000, 0x0000000748000000, 0x00000007c0000000)
  object space 131072K, 5% used [0x0000000740000000,0x00000007406ceaa0,0x0000000748000000)
 PSPermGen       total 21504K, used 15304K [0x000000073ae00000, 0x000000073c300000, 0x0000000740000000)
  object space 21504K, 71% used [0x000000073ae00000,0x000000073bcf2148,0x000000073c300000)
}
Event: 6.485 GC heap before
{Heap before GC invocations=3 (full 0):
 PSYoungGen      total 57344K, used 49214K [0x00000007c0000000, 0x00000007c4000000, 0x0000000800000000)
  eden space 49152K, 87% used [0x00000007c0000000,0x00000007c2a33e00,0x00000007c3000000)
  from space 8192K, 73% used [0x00000007c3800000,0x00000007c3ddbd90,0x00000007c4000000)
  to   space 8192K, 0% used [0x00000007c3000000,0x00000007c3000000,0x00000007c3800000)
 ParOldGen       total 131072K, used 6970K [0x0000000740000000, 0x0000000748000000, 0x00000007c0000000)
  object space 131072K, 5% used [0x0000000740000000,0x00000007406ceaa0,0x0000000748000000)
 PSPermGen       total 21504K, used 16330K [0x000000073ae00000, 0x000000073c300000, 0x0000000740000000)
  object space 21504K, 75% used [0x000000073ae00000,0x000000073bdf2a40,0x000000073c300000)
Event: 6.511 GC heap after
Heap after GC invocations=3 (full 0):
 PSYoungGen      total 57344K, used 8191K [0x00000007c0000000, 0x00000007c4000000, 0x0000000800000000)
  eden space 49152K, 0% used [0x00000007c0000000,0x00000007c0000000,0x00000007c3000000)
  from space 8192K, 99% used [0x00000007c3000000,0x00000007c37ffdc0,0x00000007c3800000)
  to   space 8192K, 0% used [0x00000007c3800000,0x00000007c3800000,0x00000007c4000000)
 ParOldGen       total 131072K, used 39592K [0x0000000740000000, 0x0000000748000000, 0x00000007c0000000)
  object space 131072K, 30% used [0x0000000740000000,0x00000007426aa288,0x0000000748000000)
 PSPermGen       total 21504K, used 16330K [0x000000073ae00000, 0x000000073c300000, 0x0000000740000000)
  object space 21504K, 75% used [0x000000073ae00000,0x000000073bdf2a40,0x000000073c300000)
}
Event: 10.948 GC heap before
{Heap before GC invocations=4 (full 0):
 PSYoungGen      total 57344K, used 57343K [0x00000007c0000000, 0x00000007c4000000, 0x0000000800000000)
  eden space 49152K, 100% used [0x00000007c0000000,0x00000007c3000000,0x00000007c3000000)
  from space 8192K, 99% used [0x00000007c3000000,0x00000007c37ffdc0,0x00000007c3800000)
  to   space 8192K, 0% used [0x00000007c3800000,0x00000007c3800000,0x00000007c4000000)
 ParOldGen       total 131072K, used 39592K [0x0000000740000000, 0x0000000748000000, 0x00000007c0000000)
  object space 131072K, 30% used [0x0000000740000000,0x00000007426aa288,0x0000000748000000)
 PSPermGen       total 21504K, used 17363K [0x000000073ae00000, 0x000000073c300000, 0x0000000740000000)
  object space 21504K, 80% used [0x000000073ae00000,0x000000073bef4e50,0x000000073c300000)
Event: 10.980 GC heap after
Heap after GC invocations=4 (full 0):
 PSYoungGen      total 57344K, used 8175K [0x00000007c0000000, 0x00000007c4000000, 0x0000000800000000)
  eden space 49152K, 0% used [0x00000007c0000000,0x00000007c0000000,0x00000007c3000000)
  from space 8192K, 99% used [0x00000007c3800000,0x00000007c3ffbd70,0x00000007c4000000)
  to   space 8192K, 0% used [0x00000007c3000000,0x00000007c3000000,0x00000007c3800000)
 ParOldGen       total 131072K, used 73656K [0x0000000740000000, 0x0000000748000000, 0x00000007c0000000)
  object space 131072K, 56% used [0x0000000740000000,0x00000007447ee3a8,0x0000000748000000)
 PSPermGen       total 21504K, used 17363K [0x000000073ae00000, 0x000000073c300000, 0x0000000740000000)
  object space 21504K, 80% used [0x000000073ae00000,0x000000073bef4e50,0x000000073c300000)
}
Event: 161.952 GC heap before
{Heap before GC invocations=5 (full 0):
 PSYoungGen      total 57344K, used 57327K [0x00000007c0000000, 0x00000007c4000000, 0x0000000800000000)
  eden space 49152K, 100% used [0x00000007c0000000,0x00000007c3000000,0x00000007c3000000)
  from space 8192K, 99% used [0x00000007c3800000,0x00000007c3ffbd70,0x00000007c4000000)
  to   space 8192K, 0% used [0x00000007c3000000,0x00000007c3000000,0x00000007c3800000)
 ParOldGen       total 131072K, used 73656K [0x0000000740000000, 0x0000000748000000, 0x00000007c0000000)
  object space 131072K, 56% used [0x0000000740000000,0x00000007447ee3a8,0x0000000748000000)
 PSPermGen       total 21504K, used 18883K [0x000000073ae00000, 0x000000073c300000, 0x0000000740000000)
  object space 21504K, 87% used [0x000000073ae00000,0x000000073c070e00,0x000000073c300000)
Event: 161.977 GC heap after
Heap after GC invocations=5 (full 0):
 PSYoungGen      total 56320K, used 8169K [0x00000007c0000000, 0x00000007c9c00000, 0x0000000800000000)
  eden space 48128K, 0% used [0x00000007c0000000,0x00000007c0000000,0x00000007c2f00000)
  from space 8192K, 99% used [0x00000007c3000000,0x00000007c37fa7f0,0x00000007c3800000)
  to   space 55808K, 0% used [0x00000007c6580000,0x00000007c6580000,0x00000007c9c00000)
 ParOldGen       total 131072K, used 98997K [0x0000000740000000, 0x0000000748000000, 0x00000007c0000000)
  object space 131072K, 75% used [0x0000000740000000,0x00000007460ad778,0x0000000748000000)
 PSPermGen       total 21504K, used 18883K [0x000000073ae00000, 0x000000073c300000, 0x0000000740000000)
  object space 21504K, 87% used [0x000000073ae00000,0x000000073c070e00,0x000000073c300000)
}
Event: 161.977 GC heap before
{Heap before GC invocations=6 (full 1):
 PSYoungGen      total 56320K, used 8169K [0x00000007c0000000, 0x00000007c9c00000, 0x0000000800000000)
  eden space 48128K, 0% used [0x00000007c0000000,0x00000007c0000000,0x00000007c2f00000)
  from space 8192K, 99% used [0x00000007c3000000,0x00000007c37fa7f0,0x00000007c3800000)
  to   space 55808K, 0% used [0x00000007c6580000,0x00000007c6580000,0x00000007c9c00000)
 ParOldGen       total 131072K, used 98997K [0x0000000740000000, 0x0000000748000000, 0x00000007c0000000)
  object space 131072K, 75% used [0x0000000740000000,0x00000007460ad778,0x0000000748000000)
 PSPermGen       total 21504K, used 18883K [0x000000073ae00000, 0x000000073c300000, 0x0000000740000000)
  object space 21504K, 87% used [0x000000073ae00000,0x000000073c070e00,0x000000073c300000)
Event: 162.150 GC heap after
Heap after GC invocations=6 (full 1):
 PSYoungGen      total 56320K, used 0K [0x00000007c0000000, 0x00000007c9c00000, 0x0000000800000000)
  eden space 48128K, 0% used [0x00000007c0000000,0x00000007c0000000,0x00000007c2f00000)
  from space 8192K, 0% used [0x00000007c3000000,0x00000007c3000000,0x00000007c3800000)
  to   space 55808K, 0% used [0x00000007c6580000,0x00000007c6580000,0x00000007c9c00000)
 ParOldGen       total 172544K, used 78209K [0x0000000740000000, 0x000000074a880000, 0x00000007c0000000)
  object space 172544K, 45% used [0x0000000740000000,0x0000000744c60658,0x000000074a880000)
 PSPermGen       total 37888K, used 18874K [0x000000073ae00000, 0x000000073d300000, 0x0000000740000000)
  object space 37888K, 49% used [0x000000073ae00000,0x000000073c06e838,0x000000073d300000)
}

Deoptimization events (10 events):
Event: 39.307 Thread 0x00007f95a289e800 Uncommon trap: reason=class_check action=maybe_recompile pc=0x0000000102b39e98 method=com.sun.prism.impl.GlyphCache.getCachedGlyph(I)Lcom/sun/prism/impl/GlyphCache$GlyphData; @ 71
Event: 39.308 Thread 0x00007f95a289e800 Uncommon trap: reason=class_check action=maybe_recompile pc=0x0000000102b39e98 method=com.sun.prism.impl.GlyphCache.getCachedGlyph(I)Lcom/sun/prism/impl/GlyphCache$GlyphData; @ 71
Event: 41.922 Thread 0x00007f95a4008800 Uncommon trap: reason=unreached action=reinterpret pc=0x0000000102a3c8d4 method=com.sun.javafx.WeakReferenceQueue$1.hasNext()Z @ 28
Event: 53.235 Thread 0x00007f95a289e800 Uncommon trap: reason=array_check action=maybe_recompile pc=0x0000000102b67cc8 method=java.util.TimSort.binarySort([Ljava/lang/Object;IIILjava/util/Comparator;)V @ 183
Event: 53.236 Thread 0x00007f95a289e800 Uncommon trap: reason=array_check action=maybe_recompile pc=0x0000000102b67cc8 method=java.util.TimSort.binarySort([Ljava/lang/Object;IIILjava/util/Comparator;)V @ 183
Event: 7665.305 Thread 0x00007f95a4008800 Uncommon trap: reason=null_check action=make_not_entrant pc=0x0000000102bafc38 method=javafx.scene.layout.GridPane.getValignment(Ljavafx/scene/Node;)Ljavafx/geometry/VPos; @ 6
Event: 7667.139 Thread 0x00007f95a4008800 Uncommon trap: reason=unreached action=reinterpret pc=0x0000000102a05478 method=com.sun.javafx.css.StyleHelper$CacheEntry.put(Ljava/lang/String;Lcom/sun/javafx/css/StyleHelper$CalculatedValue;)V @ 14
Event: 7667.139 Thread 0x00007f95a4008800 Uncommon trap: reason=null_check action=make_not_entrant pc=0x000000010299d390 method=com.sun.javafx.css.StyleHelper$CacheEntry.get(Ljava/lang/String;)Lcom/sun/javafx/css/StyleHelper$CalculatedValue; @ 24
Event: 7667.139 Thread 0x00007f95a4008800 Uncommon trap: reason=null_check action=make_not_entrant pc=0x0000000102a1ed60 method=com.sun.javafx.css.StyleHelper$CacheEntry.get(Ljava/lang/String;)Lcom/sun/javafx/css/StyleHelper$CalculatedValue; @ 24
Event: 7668.463 Thread 0x00007f95a4008800 Uncommon trap: reason=null_check action=make_not_entrant pc=0x0000000102ba477c method=javafx.scene.layout.HBox.getHgrow(Ljavafx/scene/Node;)Ljavafx/scene/layout/Priority; @ 6

Internal exceptions (10 events):
Event: 11.406 Thread 0x00007f95a289e800 Implicit null exception at 0x0000000102959bec to 0x0000000102959c5d
Event: 19.127 Thread 0x00007f95a4008800 Implicit null exception at 0x0000000102a43014 to 0x0000000102a43159
Event: 19.128 Thread 0x00007f95a49ae800 Implicit null exception at 0x0000000102a0bcb0 to 0x0000000102a0bded
Event: 19.288 Thread 0x00007f95a4008800 Threw 0x00000007c1e08a28 at /HUDSON/workspace/jdk7u40-2-build-macosx-amd64-product/jdk7u40/hotspot/src/share/vm/interpreter/linkResolver.cpp:883
Event: 19.289 Thread 0x00007f95a4008800 Threw 0x00000007c1e0ba10 at /HUDSON/workspace/jdk7u40-2-build-macosx-amd64-product/jdk7u40/hotspot/src/share/vm/interpreter/linkResolver.cpp:883
Event: 19.290 Thread 0x00007f95a4008800 Threw 0x00000007c1e0d4e0 at /HUDSON/workspace/jdk7u40-2-build-macosx-amd64-product/jdk7u40/hotspot/src/share/vm/interpreter/linkResolver.cpp:883
Event: 7665.305 Thread 0x00007f95a4008800 Implicit null exception at 0x0000000102baa9f0 to 0x0000000102bafc1d
Event: 7667.139 Thread 0x00007f95a4008800 Implicit null exception at 0x000000010299d0d0 to 0x000000010299d37c
Event: 7667.139 Thread 0x00007f95a4008800 Implicit null exception at 0x0000000102a1eb08 to 0x0000000102a1ed54
Event: 7668.463 Thread 0x00007f95a4008800 Implicit null exception at 0x0000000102ba3270 to 0x0000000102ba476d

Events (10 events):
Event: 7844.825 Executing VM operation: GetOrSetLocal
Event: 7844.825 Executing VM operation: GetOrSetLocal done
Event: 7844.834 Executing VM operation: GetOrSetLocal
Event: 7844.834 Executing VM operation: GetOrSetLocal done
Event: 7844.843 Executing VM operation: GetOrSetLocal
Event: 7844.843 Executing VM operation: GetOrSetLocal done
Event: 7844.843 Executing VM operation: GetOrSetLocal
Event: 7844.843 Executing VM operation: GetOrSetLocal done
Event: 7848.275 Executing VM operation: GetOrSetLocal
Event: 7848.275 Executing VM operation: GetOrSetLocal done


Dynamic libraries:
0x00000000027c8000 	/System/Library/Frameworks/Cocoa.framework/Versions/A/Cocoa
0x00000000027c8000 	/System/Library/Frameworks/Security.framework/Versions/A/Security
0x00000000027c8000 	/System/Library/Frameworks/ApplicationServices.framework/Versions/A/ApplicationServices
0x00000000027c8000 	/usr/lib/libz.1.dylib
0x00000000027c8000 	/usr/lib/libSystem.B.dylib
0x00000000027c8000 	/usr/lib/libobjc.A.dylib
0x00000000027c8000 	/System/Library/Frameworks/CoreFoundation.framework/Versions/A/CoreFoundation
0x00000000027c8000 	/System/Library/Frameworks/Foundation.framework/Versions/C/Foundation
0x00000000027c8000 	/System/Library/Frameworks/AppKit.framework/Versions/C/AppKit
0x00000000027c8000 	/System/Library/Frameworks/CoreData.framework/Versions/A/CoreData
0x00000000027c8000 	/System/Library/PrivateFrameworks/RemoteViewServices.framework/Versions/A/RemoteViewServices
0x00000000027c8000 	/System/Library/Frameworks/AudioToolbox.framework/Versions/A/AudioToolbox
0x00000000027c8000 	/System/Library/Frameworks/AudioUnit.framework/Versions/A/AudioUnit
0x00000000027c8000 	/System/Library/PrivateFrameworks/DataDetectorsCore.framework/Versions/A/DataDetectorsCore
0x00000000027c8000 	/System/Library/PrivateFrameworks/DesktopServicesPriv.framework/Versions/A/DesktopServicesPriv
0x00000000027c8000 	/System/Library/Frameworks/Carbon.framework/Versions/A/Frameworks/HIToolbox.framework/Versions/A/HIToolbox
0x00000000027c8000 	/System/Library/Frameworks/QuartzCore.framework/Versions/A/QuartzCore
0x00000000027c8000 	/System/Library/Frameworks/Carbon.framework/Versions/A/Frameworks/SpeechRecognition.framework/Versions/A/SpeechRecognition
0x00000000027c8000 	/usr/lib/libauto.dylib
0x00000000027c8000 	/usr/lib/libicucore.A.dylib
0x00000000027c8000 	/usr/lib/libxml2.2.dylib
0x00000000027c8000 	/System/Library/PrivateFrameworks/CoreUI.framework/Versions/A/CoreUI
0x00000000027c8000 	/System/Library/Frameworks/CoreAudio.framework/Versions/A/CoreAudio
0x00000000027c8000 	/System/Library/Frameworks/DiskArbitration.framework/Versions/A/DiskArbitration
0x00000000027c8000 	/usr/lib/liblangid.dylib
0x00000000027c8000 	/System/Library/PrivateFrameworks/MultitouchSupport.framework/Versions/A/MultitouchSupport
0x00000000027c8000 	/System/Library/Frameworks/IOKit.framework/Versions/A/IOKit
0x00000000027c8000 	/usr/lib/libDiagnosticMessagesClient.dylib
0x00000000027c8000 	/System/Library/Frameworks/CoreServices.framework/Versions/A/CoreServices
0x00000000027c8000 	/System/Library/PrivateFrameworks/PerformanceAnalysis.framework/Versions/A/PerformanceAnalysis
0x00000000027c8000 	/System/Library/PrivateFrameworks/GenerationalStorage.framework/Versions/A/GenerationalStorage
0x00000000027c8000 	/System/Library/Frameworks/OpenGL.framework/Versions/A/OpenGL
0x00000000027c8000 	/System/Library/Frameworks/CoreText.framework/Versions/A/CoreText
0x00000000027c8000 	/System/Library/Frameworks/ImageIO.framework/Versions/A/ImageIO
0x00000000027c8000 	/System/Library/PrivateFrameworks/Backup.framework/Versions/A/Backup
0x00000000027c8000 	/System/Library/Frameworks/CFNetwork.framework/Versions/A/CFNetwork
0x00000000027c8000 	/System/Library/Frameworks/SystemConfiguration.framework/Versions/A/SystemConfiguration
0x00000000027c8000 	/usr/lib/libCRFSuite.dylib
0x00000000027c8000 	/System/Library/PrivateFrameworks/TCC.framework/Versions/A/TCC
0x00000000027c8000 	/usr/lib/libc++.1.dylib
0x00000000027c8000 	/usr/lib/libc++abi.dylib
0x00000000027c8000 	/usr/lib/system/libcache.dylib
0x00000000027c8000 	/usr/lib/system/libcommonCrypto.dylib
0x00000000027c8000 	/usr/lib/system/libcompiler_rt.dylib
0x00000000027c8000 	/usr/lib/system/libcopyfile.dylib
0x00000000027c8000 	/usr/lib/system/libdispatch.dylib
0x00000000027c8000 	/usr/lib/system/libdnsinfo.dylib
0x00000000027c8000 	/usr/lib/system/libdyld.dylib
0x00000000027c8000 	/usr/lib/system/libkeymgr.dylib
0x00000000027c8000 	/usr/lib/system/liblaunch.dylib
0x00000000027c8000 	/usr/lib/system/libmacho.dylib
0x00000000027c8000 	/usr/lib/system/libquarantine.dylib
0x00000000027c8000 	/usr/lib/system/libremovefile.dylib
0x00000000027c8000 	/usr/lib/system/libsystem_blocks.dylib
0x00000000027c8000 	/usr/lib/system/libsystem_c.dylib
0x00000000027c8000 	/usr/lib/system/libsystem_dnssd.dylib
0x00000000027c8000 	/usr/lib/system/libsystem_info.dylib
0x00000000027c8000 	/usr/lib/system/libsystem_kernel.dylib
0x00000000027c8000 	/usr/lib/system/libsystem_m.dylib
0x00000000027c8000 	/usr/lib/system/libsystem_network.dylib
0x00000000027c8000 	/usr/lib/system/libsystem_notify.dylib
0x00000000027c8000 	/usr/lib/system/libsystem_sandbox.dylib
0x00000000027c8000 	/usr/lib/system/libunc.dylib
0x00000000027c8000 	/usr/lib/system/libunwind.dylib
0x00000000027c8000 	/usr/lib/system/libxpc.dylib
0x00000000027c8000 	/usr/lib/system/libcorecrypto.dylib
0x00000000027c8000 	/usr/lib/libstdc++.6.dylib
0x00000000027c8000 	/usr/lib/libbsm.0.dylib
0x00000000027c8000 	/usr/lib/libsqlite3.dylib
0x00000000027c8000 	/usr/lib/libxar.1.dylib
0x00000000027c8000 	/usr/lib/libpam.2.dylib
0x00000000027c8000 	/usr/lib/libOpenScriptingUtil.dylib
0x00000000027c8000 	/usr/lib/libbz2.1.0.dylib
0x00000000027c8000 	/System/Library/Frameworks/CoreServices.framework/Versions/A/Frameworks/CarbonCore.framework/Versions/A/CarbonCore
0x00000000027c8000 	/System/Library/Frameworks/CoreServices.framework/Versions/A/Frameworks/Metadata.framework/Versions/A/Metadata
0x00000000027c8000 	/System/Library/Frameworks/CoreServices.framework/Versions/A/Frameworks/OSServices.framework/Versions/A/OSServices
0x00000000027c8000 	/System/Library/Frameworks/CoreServices.framework/Versions/A/Frameworks/SearchKit.framework/Versions/A/SearchKit
0x00000000027c8000 	/System/Library/Frameworks/CoreServices.framework/Versions/A/Frameworks/AE.framework/Versions/A/AE
0x00000000027c8000 	/System/Library/Frameworks/CoreServices.framework/Versions/A/Frameworks/LaunchServices.framework/Versions/A/LaunchServices
0x00000000027c8000 	/System/Library/Frameworks/CoreServices.framework/Versions/A/Frameworks/DictionaryServices.framework/Versions/A/DictionaryServices
0x00000000027c8000 	/System/Library/Frameworks/NetFS.framework/Versions/A/NetFS
0x00000000027c8000 	/usr/lib/system/libkxld.dylib
0x00000000027c8000 	/System/Library/PrivateFrameworks/NetAuth.framework/Versions/A/NetAuth
0x00000000027c8000 	/System/Library/Frameworks/OpenDirectory.framework/Versions/A/Frameworks/CFOpenDirectory.framework/Versions/A/CFOpenDirectory
0x00000000027c8000 	/usr/lib/libxslt.1.dylib
0x00000000027c8000 	/System/Library/PrivateFrameworks/FamilyControls.framework/Versions/A/FamilyControls
0x00000000027c8000 	/System/Library/Frameworks/Carbon.framework/Versions/A/Frameworks/Ink.framework/Versions/A/Ink
0x00000000027c8000 	/System/Library/Frameworks/ApplicationServices.framework/Versions/A/Frameworks/CoreGraphics.framework/Versions/A/CoreGraphics
0x00000000027c8000 	/System/Library/Frameworks/ApplicationServices.framework/Versions/A/Frameworks/ATS.framework/Versions/A/ATS
0x00000000027c8000 	/System/Library/Frameworks/ApplicationServices.framework/Versions/A/Frameworks/ColorSync.framework/Versions/A/ColorSync
0x00000000027c8000 	/System/Library/Frameworks/ApplicationServices.framework/Versions/A/Frameworks/HIServices.framework/Versions/A/HIServices
0x00000000027c8000 	/System/Library/Frameworks/ApplicationServices.framework/Versions/A/Frameworks/LangAnalysis.framework/Versions/A/LangAnalysis
0x00000000027c8000 	/System/Library/Frameworks/ApplicationServices.framework/Versions/A/Frameworks/PrintCore.framework/Versions/A/PrintCore
0x00000000027c8000 	/System/Library/Frameworks/ApplicationServices.framework/Versions/A/Frameworks/QD.framework/Versions/A/QD
0x00000000027c8000 	/System/Library/Frameworks/ApplicationServices.framework/Versions/A/Frameworks/SpeechSynthesis.framework/Versions/A/SpeechSynthesis
0x00000000027c8000 	/System/Library/Frameworks/IOSurface.framework/Versions/A/IOSurface
0x00000000027c8000 	/System/Library/Frameworks/Accelerate.framework/Versions/A/Accelerate
0x00000000027c8000 	/System/Library/Frameworks/ApplicationServices.framework/Versions/A/Frameworks/ATS.framework/Versions/A/Resources/libFontParser.dylib
0x00000000027c8000 	/System/Library/Frameworks/ApplicationServices.framework/Versions/A/Frameworks/ATS.framework/Versions/A/Resources/libFontRegistry.dylib
0x00000000027c8000 	/System/Library/Frameworks/Accelerate.framework/Versions/A/Frameworks/vImage.framework/Versions/A/vImage
0x00000000027c8000 	/System/Library/Frameworks/Accelerate.framework/Versions/A/Frameworks/vecLib.framework/Versions/A/vecLib
0x00000000027c8000 	/System/Library/Frameworks/Accelerate.framework/Versions/A/Frameworks/vecLib.framework/Versions/A/libvDSP.dylib
0x00000000027c8000 	/System/Library/Frameworks/Accelerate.framework/Versions/A/Frameworks/vecLib.framework/Versions/A/libvMisc.dylib
0x00000000027c8000 	/System/Library/Frameworks/Accelerate.framework/Versions/A/Frameworks/vecLib.framework/Versions/A/libLAPACK.dylib
0x00000000027c8000 	/System/Library/Frameworks/Accelerate.framework/Versions/A/Frameworks/vecLib.framework/Versions/A/libBLAS.dylib
0x00000000027c8000 	/System/Library/Frameworks/ImageIO.framework/Versions/A/Resources/libJPEG.dylib
0x00000000027c8000 	/System/Library/Frameworks/ImageIO.framework/Versions/A/Resources/libTIFF.dylib
0x00000000027c8000 	/System/Library/Frameworks/ImageIO.framework/Versions/A/Resources/libPng.dylib
0x00000000027c8000 	/System/Library/Frameworks/ImageIO.framework/Versions/A/Resources/libGIF.dylib
0x00000000027c8000 	/System/Library/Frameworks/ImageIO.framework/Versions/A/Resources/libJP2.dylib
0x00000000027c8000 	/System/Library/Frameworks/ImageIO.framework/Versions/A/Resources/libRadiance.dylib
0x00000000027c8000 	/usr/lib/libcups.2.dylib
0x00000000027c8000 	/System/Library/Frameworks/Kerberos.framework/Versions/A/Kerberos
0x00000000027c8000 	/System/Library/Frameworks/GSS.framework/Versions/A/GSS
0x00000000027c8000 	/usr/lib/libresolv.9.dylib
0x00000000027c8000 	/usr/lib/libiconv.2.dylib
0x00000000027c8000 	/System/Library/PrivateFrameworks/Heimdal.framework/Versions/A/Heimdal
0x00000000027c8000 	/System/Library/PrivateFrameworks/TrustEvaluationAgent.framework/Versions/A/TrustEvaluationAgent
0x00000000027c8000 	/System/Library/Frameworks/OpenDirectory.framework/Versions/A/OpenDirectory
0x00000000027c8000 	/System/Library/PrivateFrameworks/CommonAuth.framework/Versions/A/CommonAuth
0x00000000027c8000 	/System/Library/PrivateFrameworks/Bom.framework/Versions/A/Bom
0x00000000027c8000 	/System/Library/Frameworks/CoreVideo.framework/Versions/A/CoreVideo
0x00000000027c8000 	/System/Library/Frameworks/QuartzCore.framework/Versions/A/Frameworks/CoreImage.framework/Versions/A/CoreImage
0x00000000027c8000 	/System/Library/Frameworks/QuartzCore.framework/Versions/A/Frameworks/ScalableUserInterface.framework/Versions/A/ScalableUserInterface
0x00000000027c8000 	/System/Library/Frameworks/OpenGL.framework/Versions/A/Libraries/libGLU.dylib
0x00000000027c8000 	/System/Library/Frameworks/OpenGL.framework/Versions/A/Libraries/libGFXShared.dylib
0x00000000027c8000 	/System/Library/Frameworks/OpenGL.framework/Versions/A/Libraries/libGL.dylib
0x00000000027c8000 	/System/Library/Frameworks/OpenGL.framework/Versions/A/Libraries/libGLImage.dylib
0x00000000027c8000 	/System/Library/Frameworks/OpenGL.framework/Versions/A/Libraries/libCVMSPluginSupport.dylib
0x00000000027c8000 	/System/Library/Frameworks/OpenGL.framework/Versions/A/Libraries/libCoreVMClient.dylib
0x00000000027c8000 	/System/Library/PrivateFrameworks/CrashReporterSupport.framework/Versions/A/CrashReporterSupport
0x00000000027c8000 	/System/Library/Frameworks/OpenCL.framework/Versions/A/OpenCL
0x00000000027c8000 	/System/Library/PrivateFrameworks/FaceCoreLight.framework/Versions/A/FaceCoreLight
0x00000000027c8000 	/System/Library/PrivateFrameworks/AppleFSCompression.framework/Versions/A/AppleFSCompression
0x00000000027c8000 	/System/Library/PrivateFrameworks/Ubiquity.framework/Versions/A/Ubiquity
0x00000000027c8000 	/System/Library/Frameworks/ServiceManagement.framework/Versions/A/ServiceManagement
0x00000000027c8000 	/System/Library/PrivateFrameworks/ChunkingLibrary.framework/Versions/A/ChunkingLibrary
0x00000000027c8000 	/System/Library/Frameworks/vecLib.framework/Versions/A/vecLib
0x00000000027c8000 	/System/Library/Frameworks/SecurityFoundation.framework/Versions/A/SecurityFoundation
0x00000000027c8000 	/System/Library/PrivateFrameworks/CommerceKit.framework/Versions/A/Frameworks/CommerceCore.framework/Versions/A/CommerceCore
0x00000000027c8000 	/System/Library/PrivateFrameworks/CoreSymbolication.framework/Versions/A/CoreSymbolication
0x00000000027c8000 	/System/Library/PrivateFrameworks/Symbolication.framework/Versions/A/Symbolication
0x00000000027c8000 	/System/Library/PrivateFrameworks/DebugSymbols.framework/Versions/A/DebugSymbols
0x0000000101c43000 	/Library/Java/JavaVirtualMachines/jdk1.7.0_40.jdk/Contents/Home/jre/lib/server/libjvm.dylib
0x0000000102798000 	/Library/Java/JavaVirtualMachines/jdk1.7.0_40.jdk/Contents/Home/jre/lib/libverify.dylib
0x00000001027a5000 	/Library/Java/JavaVirtualMachines/jdk1.7.0_40.jdk/Contents/Home/jre/lib/libjava.dylib
0x00000001027d6000 	/Library/Java/JavaVirtualMachines/jdk1.7.0_40.jdk/Contents/Home/jre/lib/libjdwp.dylib
0x0000000102813000 	/Library/Java/JavaVirtualMachines/jdk1.7.0_40.jdk/Contents/Home/jre/lib/libnpt.dylib
0x00000001028a3000 	/Library/Java/JavaVirtualMachines/jdk1.7.0_40.jdk/Contents/Home/jre/lib/libzip.dylib
0x000000010e745000 	/System/Library/Frameworks/JavaVM.framework/Frameworks/JavaRuntimeSupport.framework/JavaRuntimeSupport
0x000000010e75d000 	/System/Library/Frameworks/JavaVM.framework/Versions/A/Frameworks/JavaNativeFoundation.framework/Versions/A/JavaNativeFoundation
0x000000010e772000 	/System/Library/Frameworks/JavaVM.framework/Versions/A/JavaVM
0x00000000027c8000 	/System/Library/Frameworks/Carbon.framework/Versions/A/Carbon
0x000000010e77f000 	/System/Library/PrivateFrameworks/JavaLaunching.framework/Versions/A/JavaLaunching
0x00000000027c8000 	/System/Library/Frameworks/Carbon.framework/Versions/A/Frameworks/CommonPanels.framework/Versions/A/CommonPanels
0x00000000027c8000 	/System/Library/Frameworks/Carbon.framework/Versions/A/Frameworks/Help.framework/Versions/A/Help
0x00000000027c8000 	/System/Library/Frameworks/Carbon.framework/Versions/A/Frameworks/ImageCapture.framework/Versions/A/ImageCapture
0x00000000027c8000 	/System/Library/Frameworks/Carbon.framework/Versions/A/Frameworks/OpenScripting.framework/Versions/A/OpenScripting
0x00000000027c8000 	/System/Library/Frameworks/Carbon.framework/Versions/A/Frameworks/Print.framework/Versions/A/Print
0x00000000027c8000 	/System/Library/Frameworks/Carbon.framework/Versions/A/Frameworks/SecurityHI.framework/Versions/A/SecurityHI
0x000000010ea9c000 	/Library/Java/JavaVirtualMachines/jdk1.7.0_40.jdk/Contents/Home/jre/lib/libdt_socket.dylib
0x000000010f34e000 	/Library/Java/JavaVirtualMachines/jdk1.7.0_40.jdk/Contents/Home/jre/lib/libdeploy.dylib
0x000000010f375000 	/Library/Java/JavaVirtualMachines/jdk1.7.0_40.jdk/Contents/Home/jre/lib/jli/./libjli.dylib
0x000000010f58a000 	/Library/Java/JavaVirtualMachines/jdk1.7.0_25.jdk/Contents/Home/jre/lib/libprism-es2.dylib
0x000000010f5ef000 	/System/Library/Frameworks/OpenGL.framework/Resources/GLEngine.bundle/GLEngine
0x000000010f7e4000 	/System/Library/Frameworks/OpenGL.framework/Versions/A/Libraries/libGLProgrammability.dylib
0x000000010f98c000 	/System/Library/Extensions/AMDRadeonX3000GLDriver.bundle/Contents/MacOS/AMDRadeonX3000GLDriver
0x000000010fcb3000 	/System/Library/PrivateFrameworks/IOAccelerator.framework/Versions/A/IOAccelerator
0x000000010fcc0000 	/System/Library/PrivateFrameworks/GPUSupport.framework/Versions/A/Libraries/libGPUSupportMercury.dylib
0x00000001100d4000 	/System/Library/Frameworks/OpenGL.framework/Resources//GLRendererFloat.bundle/GLRendererFloat
0x0000000110108000 	/System/Library/Frameworks/OpenCL.framework/Versions/A/Libraries/libcldcpuengine.dylib
0x00000000027c8000 	/System/Library/PrivateFrameworks/DiskImages.framework/Versions/A/DiskImages
0x00000000027c8000 	/System/Library/Frameworks/DiscRecording.framework/Versions/A/DiscRecording
0x00000000027c8000 	/usr/lib/libcurl.4.dylib
0x00000000027c8000 	/System/Library/PrivateFrameworks/MediaKit.framework/Versions/A/MediaKit
0x00000000027c8000 	/usr/lib/libssl.0.9.8.dylib
0x00000000027c8000 	/usr/lib/libcrypto.0.9.8.dylib
0x00000000027c8000 	/System/Library/Frameworks/LDAP.framework/Versions/A/LDAP
0x00000000027c8000 	/usr/lib/libsasl2.2.dylib
0x0000000110253000 	/Library/Java/JavaVirtualMachines/jdk1.7.0_25.jdk/Contents/Home/jre/lib/libglass.dylib
0x00000000027c8000 	/System/Library/PrivateFrameworks/CoreServicesInternal.framework/Versions/A/CoreServicesInternal
0x00000000027c8000 	/System/Library/PrivateFrameworks/Librarian.framework/Versions/A/Librarian
0x00000000027c8000 	/System/Library/CoreServices/RawCamera.bundle/Contents/MacOS/RawCamera
0x00000000027c8000 	/System/Library/Frameworks/ApplicationServices.framework/Versions/A/Frameworks/CoreGraphics.framework/Versions/A/Resources/libCSync.A.dylib
0x00000000027c8000 	/System/Library/Frameworks/ApplicationServices.framework/Versions/A/Frameworks/CoreGraphics.framework/Versions/A/Resources/libRIP.A.dylib
0x00000000027c8000 	/System/Library/Frameworks/ApplicationServices.framework/Versions/A/Frameworks/CoreGraphics.framework/Versions/A/Resources/libCGXType.A.dylib
0x0000000111797000 	/Library/Java/JavaVirtualMachines/jdk1.7.0_25.jdk/Contents/Home/jre/lib/libjavafx-font.dylib
0x00000001117f3000 	/Users/ril3y/tgFX/librxtxSerial.jnilib
0x000000011170b000 	/Library/Java/JavaVirtualMachines/jdk1.7.0_25.jdk/Contents/Home/jre/lib/libjavafx-iio.dylib
0x000000010e90b000 	cl_kernels
0x00000001140f3000 	/System/Library/Frameworks/OpenCL.framework/Versions/A/Libraries/ImageFormats/unorm8_bgra.dylib
0x000000010e8fd000 	cl_kernels

VM Arguments:
jvm_args: -Xbootclasspath/p:/Library/Java/JavaVirtualMachines/jdk1.7.0_25.jdk/Contents/Home/jre/lib/jfxrt.jar:/Library/Java/JavaVirtualMachines/jdk1.7.0_25.jdk/Contents/Home/jre/lib/deploy.jar:/Library/Java/JavaVirtualMachines/jdk1.7.0_25.jdk/Contents/Home/jre/lib/javaws.jar:/Library/Java/JavaVirtualMachines/jdk1.7.0_25.jdk/Contents/Home/jre/lib/plugin.jar -Xdebug -Xrunjdwp:transport=dt_socket,address=localhost:55920 -Dfile.encoding=UTF-8 
java_command: com.javafx.main.Main
Launcher Type: SUN_STANDARD

Environment Variables:
PATH=/usr/bin:/bin:/usr/sbin:/sbin
LD_LIBRARY_PATH=/Library/Java/JavaVirtualMachines/jdk1.7.0_25.jdk/Contents/Home/jre/lib/amd64:/Library/Java/JavaVirtualMachines/jdk1.7.0_25.jdk/Contents/Home/jre/lib/i386:
SHELL=/bin/bash
DISPLAY=/tmp/launch-eBdVMp/org.macosforge.xquartz:0

Signal Handlers:
SIGSEGV: [libjvm.dylib+0x524b25], sa_mask[0]=0xfffefeff, sa_flags=0x00000043
SIGBUS: [libjvm.dylib+0x524b25], sa_mask[0]=0xfffefeff, sa_flags=0x00000042
SIGFPE: [libjvm.dylib+0x4180e6], sa_mask[0]=0xfffefeff, sa_flags=0x00000042
SIGPIPE: [libjvm.dylib+0x4180e6], sa_mask[0]=0xfffefeff, sa_flags=0x00000042
SIGXFSZ: [libjvm.dylib+0x4180e6], sa_mask[0]=0xfffefeff, sa_flags=0x00000042
SIGILL: [libjvm.dylib+0x4180e6], sa_mask[0]=0xfffefeff, sa_flags=0x00000042
SIGUSR1: SIG_DFL, sa_mask[0]=0x00000000, sa_flags=0x00000002
SIGUSR2: [libjvm.dylib+0x417bd8], sa_mask[0]=0x00000004, sa_flags=0x00000042
SIGHUP: [libjvm.dylib+0x415e67], sa_mask[0]=0xfffefeff, sa_flags=0x00000042
SIGINT: SIG_IGN, sa_mask[0]=0x00000000, sa_flags=0x00000000
SIGTERM: [libjvm.dylib+0x415e67], sa_mask[0]=0xfffefeff, sa_flags=0x00000042
SIGQUIT: [libjvm.dylib+0x415e67], sa_mask[0]=0xfffefeff, sa_flags=0x00000042


---------------  S Y S T E M  ---------------

OS:Bsduname:Darwin 12.5.0 Darwin Kernel Version 12.5.0: Mon Jul 29 16:33:49 PDT 2013; root:xnu-2050.48.11~1/RELEASE_X86_64 x86_64
rlimit: STACK 8192k, CORE 0k, NPROC 709, NOFILE 10240, AS infinity
load average:1.95 1.77 1.70

CPU:total 4 (4 cores per cpu, 1 threads per core) family 6 model 42 stepping 7, cmov, cx8, fxsr, mmx, sse, sse2, sse3, ssse3, sse4.1, sse4.2, popcnt, avx, aes, tsc, tscinvbit

Memory: 4k page, physical 12582912k(3145728k free)

/proc/meminfo:


vm_info: Java HotSpot(TM) 64-Bit Server VM (24.0-b56) for bsd-amd64 JRE (1.7.0_40-b43), built on Aug 26 2013 21:29:19 by "java_re" with gcc 4.2.1 (Based on Apple Inc. build 5658) (LLVM build 2336.11.00)

time: Mon Oct  7 16:53:38 2013
elapsed time: 7848 seconds

